Arguments: 
  /usr/local/bin/node /usr/local/bin/yarn add extract-text-webpack-plugin --save-dev

PATH: 
  /usr/local/bin:/usr/bin:/bin:/usr/sbin:/sbin:/Users/wenbo/Downloads/android-sdk-macosx/platform-tools:/Users/wenbo/Downloads/android-sdk-macosx/tools:/Users/wenbo/.rvm/bin:/Users/wenbo/.rvm/bin

Yarn version: 
  0.27.5

Node version: 
  7.0.0

Platform: 
  darwin x64

npm manifest: 
  {
    "name": "webpack-test",
    "version": "1.0.0",
    "description": "",
    "main": "index.js",
    "scripts": {
      "start": "webpack-dev-server --open",
      "dev": "webpack open",
      "build": "rm -rf dist && webpack --config ./webpack.prd.js --progress --profile --colors"
    },
    "author": "",
    "license": "ISC",
    "devDependencies": {
      "autoprefixer": "^7.1.2",
      "babel-core": "^6.25.0",
      "babel-loader": "^7.1.1",
      "babel-plugin-transform-class-properties": "^6.24.1",
      "babel-preset-es2015": "^6.24.1",
      "babel-preset-react": "^6.24.1",
      "css-loader": "^0.28.4",
      "file-loader": "^0.11.2",
      "html-webpack-plugin": "^2.30.1",
      "node-sass": "^4.5.3",
      "postcss-loader": "^2.0.6",
      "sass-loader": "^6.0.6",
      "style-loader": "^0.18.2",
      "url-loader": "^0.5.9",
      "webpack": "^3.3.0",
      "webpack-dev-server": "^2.6.1"
    },
    "dependencies": {
      "react": "^15.6.1",
      "react-dom": "^15.6.1",
      "react-hot-loader": "^1.3.1"
    }
  }

yarn manifest: 
  No manifest

Lockfile: 
  No lockfile

Trace: 
  Error: EACCES: permission denied, mkdir '/Users/wenbo/Desktop/webpack-project/node_modules/webpack/node_modules/ansi-regex'
